<?xml version="1.0" encoding="utf-8"?><testsuites name="pytest tests"><testsuite name="pytest" errors="0" failures="0" skipped="0" tests="23" time="13.326" timestamp="2026-04-22T17:24:13.521158+00:00" hostname="agent-env-c0bc4aab-89ef-4bc7-a14d-c6e195c06e6e"><testcase classname="backend.tests.test_artha_api.TestHealthCheck" name="test_health_endpoint" time="0.214" /><testcase classname="backend.tests.test_artha_api.TestAdminAuth" name="test_admin_login_success" time="0.337" /><testcase classname="backend.tests.test_artha_api.TestAdminAuth" name="test_admin_login_invalid_credentials" time="0.110" /><testcase classname="backend.tests.test_artha_api.TestVendorAuth" name="test_vendor_login_success" time="0.343" /><testcase classname="backend.tests.test_artha_api.TestVendorAuth" name="test_vendor_login_invalid_credentials" time="0.176" /><testcase classname="backend.tests.test_artha_api.TestAdminDashboard" name="test_admin_dashboard_stats" time="0.532" /><testcase classname="backend.tests.test_artha_api.TestAdminDashboard" name="test_admin_dashboard_unauthorized" time="0.462" /><testcase classname="backend.tests.test_artha_api.TestAdminVendors" name="test_list_vendors" time="0.465" /><testcase classname="backend.tests.test_artha_api.TestAdminVendors" name="test_create_and_delete_vendor" time="0.817" /><testcase classname="backend.tests.test_artha_api.TestAdminOffers" name="test_list_offers" time="0.450" /><testcase classname="backend.tests.test_artha_api.TestAdminDomains" name="test_list_domains" time="0.483" /><testcase classname="backend.tests.test_artha_api.TestAdminDomains" name="test_add_and_delete_domain" time="0.958" /><testcase classname="backend.tests.test_artha_api.TestAdminTransactions" name="test_list_transactions" time="0.474" /><testcase classname="backend.tests.test_artha_api.TestVendorDashboard" name="test_vendor_dashboard" time="0.640" /><testcase classname="backend.tests.test_artha_api.TestVendorDashboard" name="test_vendor_transactions" time="0.498" /><testcase classname="backend.tests.test_artha_api.TestStudentFlow" name="test_student_auth_me" time="0.870" /><testcase classname="backend.tests.test_artha_api.TestStudentFlow" name="test_student_list_vendors" time="0.537" /><testcase classname="backend.tests.test_artha_api.TestStudentFlow" name="test_student_get_vendor_detail" time="0.659" /><testcase classname="backend.tests.test_artha_api.TestStudentFlow" name="test_student_search_vendors" time="0.525" /><testcase classname="backend.tests.test_artha_api.TestStudentFlow" name="test_student_filter_vendors_by_category" time="0.522" /><testcase classname="backend.tests.test_artha_api.TestQRFlow" name="test_full_qr_flow" time="1.404" /><testcase classname="backend.tests.test_artha_api.TestQRFlow" name="test_qr_cannot_be_reused" time="1.238" /><testcase classname="backend.tests.test_artha_api.TestLogout" name="test_logout" time="0.432" /></testsuite></testsuites>